<?xml version="1.0" encoding="UTF-8"?>
<testsuite name="testRunner.runFeatureTest" time="4.747" tests="8" errors="0" skipped="0" failures="0">
  <properties>
[...]
</properties>
  <testcase name="Given User launches the Success Factor demo URL for LMS" classname="| Browse all courses | Premium Service Plans | Assign to Me |" time="0.001"/>
  <testcase name="And User Enters credentials for &quot;lms_user&quot; and &quot;lms_pwd&quot;" classname="| Browse all courses | Premium Service Plans | Assign to Me |" time="0"/>
  <testcase name="And User Clicks on &quot;Browse all courses&quot;" classname="| Browse all courses | Premium Service Plans | Assign to Me |" time="0"/>
  <testcase name="And User Searches for &quot;Premium Service Plans&quot; from catalogue" classname="| Browse all courses | Premium Service Plans | Assign to Me |" time="0.001"/>
  <testcase name="And User expands the &quot;Premium Service Plans&quot;" classname="| Browse all courses | Premium Service Plans | Assign to Me |" time="0"/>
  <testcase name="When User selects &quot;Assign to Me&quot;" classname="| Browse all courses | Premium Service Plans | Assign to Me |" time="0"/>
  <testcase name="Then the course should gets added under my learning Assignments with &quot;Premium Service Plans&quot;" classname="| Browse all courses | Premium Service Plans | Assign to Me |" time="0"/>
  <testcase name="| Browse all courses | Premium Service Plans | Assign to Me |" classname="| Browse all courses | Premium Service Plans | Assign to Me |" time="4.745"/>
</testsuite>